<?xml version="1.0" encoding="UTF-8"?>
<testsuites name="Mocha Tests" time="0.0000" tests="9" failures="3">
  <testsuite name="Root Suite" timestamp="2021-07-26T14:17:47" tests="0" file="cypress/integration/01-sdk-ui-dashboard/dashboard.spec.ts" time="0.0000" failures="0">
  </testsuite>
  <testsuite name="Dashboard" timestamp="2021-07-26T14:17:47" tests="0" time="0.0000" failures="0">
  </testsuite>
  <testsuite name="TopBar rendering" timestamp="2021-07-26T14:17:47" tests="5" time="0.0000" failures="1">
    <testcase name="Dashboard TopBar rendering &quot;before each&quot; hook for &quot;should render topBar&quot;" time="0.0000" classname="&quot;before each&quot; hook for &quot;should render topBar&quot;">
      <failure message="`cy.request()` failed on:

http://gooddata-ui-sdk-scenarios:9500/gdc/account/login

The response we received from your web server was:

  &gt; 500: Internal Server Error

This was considered a failure because the status code was not `2xx` or `3xx`.

If you do not want status codes to cause failures pass the option: `failOnStatusCode: false`

-----------------------------------------------------------

The request we sent was:

Method: POST
URL: http://gooddata-ui-sdk-scenarios:9500/gdc/account/login
Headers: {
  &quot;Connection&quot;: &quot;keep-alive&quot;,
  &quot;user-agent&quot;: &quot;Mozilla/5.0 (X11; Linux x86_64) AppleWebKit/537.36 (KHTML, like Gecko) Cypress/6.2.1 Chrome/87.0.4280.88 Electron/11.1.1 Safari/537.36&quot;,
  &quot;accept&quot;: &quot;*/*&quot;,
  &quot;accept-encoding&quot;: &quot;gzip, deflate&quot;,
  &quot;content-type&quot;: &quot;application/json&quot;,
  &quot;content-length&quot;: 126
}
Body: {&quot;postUserLogin&quot;:{&quot;login&quot;:&quot;martin.plavek@gooddata.com&quot;,&quot;password&quot;:&quot;P4ssw0rd092&quot;,&quot;remember&quot;:1,&quot;captcha&quot;:&quot;&quot;,&quot;verifyCaptcha&quot;:&quot;&quot;}}

-----------------------------------------------------------

The response we got was:

Status: 500 - Internal Server Error
Headers: {
  &quot;server&quot;: &quot;nginx/1.17.2&quot;,
  &quot;date&quot;: &quot;Mon, 26 Jul 2021 14:17:47 GMT&quot;,
  &quot;content-type&quot;: &quot;text/html;charset=ISO-8859-1&quot;,
  &quot;content-length&quot;: &quot;4274&quot;,
  &quot;connection&quot;: &quot;keep-alive&quot;,
  &quot;cache-control&quot;: &quot;must-revalidate,no-cache,no-store&quot;
}
Body: &lt;html&gt;
&lt;head&gt;
&lt;meta http-equiv=&quot;Content-Type&quot; content=&quot;text/html;charset=utf-8&quot;/&gt;
&lt;title&gt;Error 500 java.lang.IllegalStateException: No value for Set-Cookie&lt;/title&gt;
&lt;/head&gt;
&lt;body&gt;&lt;h2&gt;HTTP ERROR 500 java.lang.IllegalStateException: No value for Set-Cookie&lt;/h2&gt;
&lt;table&gt;
&lt;tr&gt;&lt;th&gt;URI:&lt;/th&gt;&lt;td&gt;/gdc/account/login&lt;/td&gt;&lt;/tr&gt;
&lt;tr&gt;&lt;th&gt;STATUS:&lt;/th&gt;&lt;td&gt;500&lt;/td&gt;&lt;/tr&gt;
&lt;tr&gt;&lt;th&gt;MESSAGE:&lt;/th&gt;&lt;td&gt;java.lang.IllegalStateException: No value for Set-Cookie&lt;/td&gt;&lt;/tr&gt;
&lt;tr&gt;&lt;th&gt;SERVLET:&lt;/th&gt;&lt;td&gt;com.github.tomakehurst.wiremock.servlet.WireMockHandlerDispatchingServlet-4b44655e&lt;/td&gt;&lt;/tr&gt;
&lt;tr&gt;&lt;th&gt;CAUSED BY:&lt;/th&gt;&lt;td&gt;java.lang.IllegalStateException: No value for Set-Cookie&lt;/td&gt;&lt;/tr&gt;
&lt;/table&gt;
&lt;h3&gt;Caused by:&lt;/h3&gt;&lt;pre&gt;java.lang.IllegalStateException: No value for Set-Cookie
	at wiremock.com.google.common.base.Preconditions.checkState(Preconditions.java:510)
	at com.github.tomakehurst.wiremock.http.MultiValue.checkPresent(MultiValue.java:58)
	at com.github.tomakehurst.wiremock.http.MultiValue.values(MultiValue.java:53)
	at org.gooddata.extensions.ResponseHeadersTransformer.transform(ResponseHeadersTransformer.java:26)
	at com.github.tomakehurst.wiremock.http.StubResponseRenderer.applyTransformations(StubResponseRenderer.java:80)
	at com.github.tomakehurst.wiremock.http.StubResponseRenderer.render(StubResponseRenderer.java:57)
	at com.github.tomakehurst.wiremock.http.AbstractRequestHandler.handle(AbstractRequestHandler.java:69)
	at com.github.tomakehurst.wiremock.servlet.WireMockHandlerDispatchingServlet.service(WireMockHandlerDispatchingServlet.java:121)
	at wiremock.javax.servlet.http.HttpServlet.service(HttpServlet.java:790)
	at wiremock.org.eclipse.jetty.servlet.ServletHolder.handle(ServletHolder.java:799)
	at wiremock.org.eclipse.jetty.servlet.ServletHandler$ChainEnd.doFilter(ServletHandler.java:1626)
	at wiremock.org.eclipse.jetty.servlet.ServletHandler.doHandle(ServletHandler.java:548)
	at wiremock.org.eclipse.jetty.server.handler.ScopedHandler.nextHandle(ScopedHandler.java:233)
	at wiremock.o...


https://on.cypress.io/request

Because this error occurred during a `before each` hook we are skipping the remaining tests in the current suite: `TopBar rendering`" type="CypressError"><![CDATA[CypressError: `cy.request()` failed on:

http://gooddata-ui-sdk-scenarios:9500/gdc/account/login

The response we received from your web server was:

  > 500: Internal Server Error

This was considered a failure because the status code was not `2xx` or `3xx`.

If you do not want status codes to cause failures pass the option: `failOnStatusCode: false`

-----------------------------------------------------------

The request we sent was:

Method: POST
URL: http://gooddata-ui-sdk-scenarios:9500/gdc/account/login
Headers: {
  "Connection": "keep-alive",
  "user-agent": "Mozilla/5.0 (X11; Linux x86_64) AppleWebKit/537.36 (KHTML, like Gecko) Cypress/6.2.1 Chrome/87.0.4280.88 Electron/11.1.1 Safari/537.36",
  "accept": "*/*",
  "accept-encoding": "gzip, deflate",
  "content-type": "application/json",
  "content-length": 126
}
Body: {"postUserLogin":{"login":"martin.plavek@gooddata.com","password":"P4ssw0rd092","remember":1,"captcha":"","verifyCaptcha":""}}

-----------------------------------------------------------

The response we got was:

Status: 500 - Internal Server Error
Headers: {
  "server": "nginx/1.17.2",
  "date": "Mon, 26 Jul 2021 14:17:47 GMT",
  "content-type": "text/html;charset=ISO-8859-1",
  "content-length": "4274",
  "connection": "keep-alive",
  "cache-control": "must-revalidate,no-cache,no-store"
}
Body: <html>
<head>
<meta http-equiv="Content-Type" content="text/html;charset=utf-8"/>
<title>Error 500 java.lang.IllegalStateException: No value for Set-Cookie</title>
</head>
<body><h2>HTTP ERROR 500 java.lang.IllegalStateException: No value for Set-Cookie</h2>
<table>
<tr><th>URI:</th><td>/gdc/account/login</td></tr>
<tr><th>STATUS:</th><td>500</td></tr>
<tr><th>MESSAGE:</th><td>java.lang.IllegalStateException: No value for Set-Cookie</td></tr>
<tr><th>SERVLET:</th><td>com.github.tomakehurst.wiremock.servlet.WireMockHandlerDispatchingServlet-4b44655e</td></tr>
<tr><th>CAUSED BY:</th><td>java.lang.IllegalStateException: No value for Set-Cookie</td></tr>
</table>
<h3>Caused by:</h3><pre>java.lang.IllegalStateException: No value for Set-Cookie
	at wiremock.com.google.common.base.Preconditions.checkState(Preconditions.java:510)
	at com.github.tomakehurst.wiremock.http.MultiValue.checkPresent(MultiValue.java:58)
	at com.github.tomakehurst.wiremock.http.MultiValue.values(MultiValue.java:53)
	at org.gooddata.extensions.ResponseHeadersTransformer.transform(ResponseHeadersTransformer.java:26)
	at com.github.tomakehurst.wiremock.http.StubResponseRenderer.applyTransformations(StubResponseRenderer.java:80)
	at com.github.tomakehurst.wiremock.http.StubResponseRenderer.render(StubResponseRenderer.java:57)
	at com.github.tomakehurst.wiremock.http.AbstractRequestHandler.handle(AbstractRequestHandler.java:69)
	at com.github.tomakehurst.wiremock.servlet.WireMockHandlerDispatchingServlet.service(WireMockHandlerDispatchingServlet.java:121)
	at wiremock.javax.servlet.http.HttpServlet.service(HttpServlet.java:790)
	at wiremock.org.eclipse.jetty.servlet.ServletHolder.handle(ServletHolder.java:799)
	at wiremock.org.eclipse.jetty.servlet.ServletHandler$ChainEnd.doFilter(ServletHandler.java:1626)
	at wiremock.org.eclipse.jetty.servlet.ServletHandler.doHandle(ServletHandler.java:548)
	at wiremock.org.eclipse.jetty.server.handler.ScopedHandler.nextHandle(ScopedHandler.java:233)
	at wiremock.o...


https://on.cypress.io/request

Because this error occurred during a `before each` hook we are skipping the remaining tests in the current suite: `TopBar rendering`
    at http://localhost:46647/__cypress/runner/cypress_runner.js:159043:21
    at tryCatcher (http://localhost:46647/__cypress/runner/cypress_runner.js:10609:23)
    at Promise._settlePromiseFromHandler (http://localhost:46647/__cypress/runner/cypress_runner.js:8544:31)
    at Promise._settlePromise (http://localhost:46647/__cypress/runner/cypress_runner.js:8601:18)
    at Promise._settlePromise0 (http://localhost:46647/__cypress/runner/cypress_runner.js:8646:10)
    at Promise._settlePromises (http://localhost:46647/__cypress/runner/cypress_runner.js:8726:18)
    at _drainQueueStep (http://localhost:46647/__cypress/runner/cypress_runner.js:5316:12)
    at _drainQueue (http://localhost:46647/__cypress/runner/cypress_runner.js:5309:9)
    at Async.../../node_modules/bluebird/js/release/async.js.Async._drainQueues (http://localhost:46647/__cypress/runner/cypress_runner.js:5325:5)
    at Async.drainQueues (http://localhost:46647/__cypress/runner/cypress_runner.js:5195:14)
From Your Spec Code:
    at Context.eval (http://localhost:46647/__cypress/tests?p=cypress/support/index.ts:122:8)]]></failure>
    </testcase>
  </testsuite>
  <testsuite name="FilterBar rendering" timestamp="2021-07-26T14:17:48" tests="3" time="0.0000" failures="1">
    <testcase name="Dashboard FilterBar rendering &quot;before each&quot; hook for &quot;should render filter bar&quot;" time="0.0000" classname="&quot;before each&quot; hook for &quot;should render filter bar&quot;">
      <failure message="`cy.request()` failed on:

http://gooddata-ui-sdk-scenarios:9500/gdc/account/login

The response we received from your web server was:

  &gt; 500: Internal Server Error

This was considered a failure because the status code was not `2xx` or `3xx`.

If you do not want status codes to cause failures pass the option: `failOnStatusCode: false`

-----------------------------------------------------------

The request we sent was:

Method: POST
URL: http://gooddata-ui-sdk-scenarios:9500/gdc/account/login
Headers: {
  &quot;Connection&quot;: &quot;keep-alive&quot;,
  &quot;user-agent&quot;: &quot;Mozilla/5.0 (X11; Linux x86_64) AppleWebKit/537.36 (KHTML, like Gecko) Cypress/6.2.1 Chrome/87.0.4280.88 Electron/11.1.1 Safari/537.36&quot;,
  &quot;accept&quot;: &quot;*/*&quot;,
  &quot;accept-encoding&quot;: &quot;gzip, deflate&quot;,
  &quot;content-type&quot;: &quot;application/json&quot;,
  &quot;content-length&quot;: 126
}
Body: {&quot;postUserLogin&quot;:{&quot;login&quot;:&quot;martin.plavek@gooddata.com&quot;,&quot;password&quot;:&quot;P4ssw0rd092&quot;,&quot;remember&quot;:1,&quot;captcha&quot;:&quot;&quot;,&quot;verifyCaptcha&quot;:&quot;&quot;}}

-----------------------------------------------------------

The response we got was:

Status: 500 - Internal Server Error
Headers: {
  &quot;server&quot;: &quot;nginx/1.17.2&quot;,
  &quot;date&quot;: &quot;Mon, 26 Jul 2021 14:17:48 GMT&quot;,
  &quot;content-type&quot;: &quot;text/html;charset=ISO-8859-1&quot;,
  &quot;content-length&quot;: &quot;4274&quot;,
  &quot;connection&quot;: &quot;keep-alive&quot;,
  &quot;cache-control&quot;: &quot;must-revalidate,no-cache,no-store&quot;
}
Body: &lt;html&gt;
&lt;head&gt;
&lt;meta http-equiv=&quot;Content-Type&quot; content=&quot;text/html;charset=utf-8&quot;/&gt;
&lt;title&gt;Error 500 java.lang.IllegalStateException: No value for Set-Cookie&lt;/title&gt;
&lt;/head&gt;
&lt;body&gt;&lt;h2&gt;HTTP ERROR 500 java.lang.IllegalStateException: No value for Set-Cookie&lt;/h2&gt;
&lt;table&gt;
&lt;tr&gt;&lt;th&gt;URI:&lt;/th&gt;&lt;td&gt;/gdc/account/login&lt;/td&gt;&lt;/tr&gt;
&lt;tr&gt;&lt;th&gt;STATUS:&lt;/th&gt;&lt;td&gt;500&lt;/td&gt;&lt;/tr&gt;
&lt;tr&gt;&lt;th&gt;MESSAGE:&lt;/th&gt;&lt;td&gt;java.lang.IllegalStateException: No value for Set-Cookie&lt;/td&gt;&lt;/tr&gt;
&lt;tr&gt;&lt;th&gt;SERVLET:&lt;/th&gt;&lt;td&gt;com.github.tomakehurst.wiremock.servlet.WireMockHandlerDispatchingServlet-4b44655e&lt;/td&gt;&lt;/tr&gt;
&lt;tr&gt;&lt;th&gt;CAUSED BY:&lt;/th&gt;&lt;td&gt;java.lang.IllegalStateException: No value for Set-Cookie&lt;/td&gt;&lt;/tr&gt;
&lt;/table&gt;
&lt;h3&gt;Caused by:&lt;/h3&gt;&lt;pre&gt;java.lang.IllegalStateException: No value for Set-Cookie
	at wiremock.com.google.common.base.Preconditions.checkState(Preconditions.java:510)
	at com.github.tomakehurst.wiremock.http.MultiValue.checkPresent(MultiValue.java:58)
	at com.github.tomakehurst.wiremock.http.MultiValue.values(MultiValue.java:53)
	at org.gooddata.extensions.ResponseHeadersTransformer.transform(ResponseHeadersTransformer.java:26)
	at com.github.tomakehurst.wiremock.http.StubResponseRenderer.applyTransformations(StubResponseRenderer.java:80)
	at com.github.tomakehurst.wiremock.http.StubResponseRenderer.render(StubResponseRenderer.java:57)
	at com.github.tomakehurst.wiremock.http.AbstractRequestHandler.handle(AbstractRequestHandler.java:69)
	at com.github.tomakehurst.wiremock.servlet.WireMockHandlerDispatchingServlet.service(WireMockHandlerDispatchingServlet.java:121)
	at wiremock.javax.servlet.http.HttpServlet.service(HttpServlet.java:790)
	at wiremock.org.eclipse.jetty.servlet.ServletHolder.handle(ServletHolder.java:799)
	at wiremock.org.eclipse.jetty.servlet.ServletHandler$ChainEnd.doFilter(ServletHandler.java:1626)
	at wiremock.org.eclipse.jetty.servlet.ServletHandler.doHandle(ServletHandler.java:548)
	at wiremock.org.eclipse.jetty.server.handler.ScopedHandler.nextHandle(ScopedHandler.java:233)
	at wiremock.o...


https://on.cypress.io/request

Because this error occurred during a `before each` hook we are skipping the remaining tests in the current suite: `FilterBar rendering`" type="CypressError"><![CDATA[CypressError: `cy.request()` failed on:

http://gooddata-ui-sdk-scenarios:9500/gdc/account/login

The response we received from your web server was:

  > 500: Internal Server Error

This was considered a failure because the status code was not `2xx` or `3xx`.

If you do not want status codes to cause failures pass the option: `failOnStatusCode: false`

-----------------------------------------------------------

The request we sent was:

Method: POST
URL: http://gooddata-ui-sdk-scenarios:9500/gdc/account/login
Headers: {
  "Connection": "keep-alive",
  "user-agent": "Mozilla/5.0 (X11; Linux x86_64) AppleWebKit/537.36 (KHTML, like Gecko) Cypress/6.2.1 Chrome/87.0.4280.88 Electron/11.1.1 Safari/537.36",
  "accept": "*/*",
  "accept-encoding": "gzip, deflate",
  "content-type": "application/json",
  "content-length": 126
}
Body: {"postUserLogin":{"login":"martin.plavek@gooddata.com","password":"P4ssw0rd092","remember":1,"captcha":"","verifyCaptcha":""}}

-----------------------------------------------------------

The response we got was:

Status: 500 - Internal Server Error
Headers: {
  "server": "nginx/1.17.2",
  "date": "Mon, 26 Jul 2021 14:17:48 GMT",
  "content-type": "text/html;charset=ISO-8859-1",
  "content-length": "4274",
  "connection": "keep-alive",
  "cache-control": "must-revalidate,no-cache,no-store"
}
Body: <html>
<head>
<meta http-equiv="Content-Type" content="text/html;charset=utf-8"/>
<title>Error 500 java.lang.IllegalStateException: No value for Set-Cookie</title>
</head>
<body><h2>HTTP ERROR 500 java.lang.IllegalStateException: No value for Set-Cookie</h2>
<table>
<tr><th>URI:</th><td>/gdc/account/login</td></tr>
<tr><th>STATUS:</th><td>500</td></tr>
<tr><th>MESSAGE:</th><td>java.lang.IllegalStateException: No value for Set-Cookie</td></tr>
<tr><th>SERVLET:</th><td>com.github.tomakehurst.wiremock.servlet.WireMockHandlerDispatchingServlet-4b44655e</td></tr>
<tr><th>CAUSED BY:</th><td>java.lang.IllegalStateException: No value for Set-Cookie</td></tr>
</table>
<h3>Caused by:</h3><pre>java.lang.IllegalStateException: No value for Set-Cookie
	at wiremock.com.google.common.base.Preconditions.checkState(Preconditions.java:510)
	at com.github.tomakehurst.wiremock.http.MultiValue.checkPresent(MultiValue.java:58)
	at com.github.tomakehurst.wiremock.http.MultiValue.values(MultiValue.java:53)
	at org.gooddata.extensions.ResponseHeadersTransformer.transform(ResponseHeadersTransformer.java:26)
	at com.github.tomakehurst.wiremock.http.StubResponseRenderer.applyTransformations(StubResponseRenderer.java:80)
	at com.github.tomakehurst.wiremock.http.StubResponseRenderer.render(StubResponseRenderer.java:57)
	at com.github.tomakehurst.wiremock.http.AbstractRequestHandler.handle(AbstractRequestHandler.java:69)
	at com.github.tomakehurst.wiremock.servlet.WireMockHandlerDispatchingServlet.service(WireMockHandlerDispatchingServlet.java:121)
	at wiremock.javax.servlet.http.HttpServlet.service(HttpServlet.java:790)
	at wiremock.org.eclipse.jetty.servlet.ServletHolder.handle(ServletHolder.java:799)
	at wiremock.org.eclipse.jetty.servlet.ServletHandler$ChainEnd.doFilter(ServletHandler.java:1626)
	at wiremock.org.eclipse.jetty.servlet.ServletHandler.doHandle(ServletHandler.java:548)
	at wiremock.org.eclipse.jetty.server.handler.ScopedHandler.nextHandle(ScopedHandler.java:233)
	at wiremock.o...


https://on.cypress.io/request

Because this error occurred during a `before each` hook we are skipping the remaining tests in the current suite: `FilterBar rendering`
    at http://localhost:46647/__cypress/runner/cypress_runner.js:159043:21
    at tryCatcher (http://localhost:46647/__cypress/runner/cypress_runner.js:10609:23)
    at Promise._settlePromiseFromHandler (http://localhost:46647/__cypress/runner/cypress_runner.js:8544:31)
    at Promise._settlePromise (http://localhost:46647/__cypress/runner/cypress_runner.js:8601:18)
    at Promise._settlePromise0 (http://localhost:46647/__cypress/runner/cypress_runner.js:8646:10)
    at Promise._settlePromises (http://localhost:46647/__cypress/runner/cypress_runner.js:8726:18)
    at _drainQueueStep (http://localhost:46647/__cypress/runner/cypress_runner.js:5316:12)
    at _drainQueue (http://localhost:46647/__cypress/runner/cypress_runner.js:5309:9)
    at Async.../../node_modules/bluebird/js/release/async.js.Async._drainQueues (http://localhost:46647/__cypress/runner/cypress_runner.js:5325:5)
    at Async.drainQueues (http://localhost:46647/__cypress/runner/cypress_runner.js:5195:14)
From Your Spec Code:
    at Context.eval (http://localhost:46647/__cypress/tests?p=cypress/support/index.ts:122:8)]]></failure>
    </testcase>
  </testsuite>
  <testsuite name="Dashboard body rendering" timestamp="2021-07-26T14:17:48" tests="1" time="0.0000" failures="1">
    <testcase name="Dashboard Dashboard body rendering &quot;before each&quot; hook for &quot;should render single insight&quot;" time="0.0000" classname="&quot;before each&quot; hook for &quot;should render single insight&quot;">
      <failure message="`cy.request()` failed on:

http://gooddata-ui-sdk-scenarios:9500/gdc/account/login

The response we received from your web server was:

  &gt; 500: Internal Server Error

This was considered a failure because the status code was not `2xx` or `3xx`.

If you do not want status codes to cause failures pass the option: `failOnStatusCode: false`

-----------------------------------------------------------

The request we sent was:

Method: POST
URL: http://gooddata-ui-sdk-scenarios:9500/gdc/account/login
Headers: {
  &quot;Connection&quot;: &quot;keep-alive&quot;,
  &quot;user-agent&quot;: &quot;Mozilla/5.0 (X11; Linux x86_64) AppleWebKit/537.36 (KHTML, like Gecko) Cypress/6.2.1 Chrome/87.0.4280.88 Electron/11.1.1 Safari/537.36&quot;,
  &quot;accept&quot;: &quot;*/*&quot;,
  &quot;accept-encoding&quot;: &quot;gzip, deflate&quot;,
  &quot;content-type&quot;: &quot;application/json&quot;,
  &quot;content-length&quot;: 126
}
Body: {&quot;postUserLogin&quot;:{&quot;login&quot;:&quot;martin.plavek@gooddata.com&quot;,&quot;password&quot;:&quot;P4ssw0rd092&quot;,&quot;remember&quot;:1,&quot;captcha&quot;:&quot;&quot;,&quot;verifyCaptcha&quot;:&quot;&quot;}}

-----------------------------------------------------------

The response we got was:

Status: 500 - Internal Server Error
Headers: {
  &quot;server&quot;: &quot;nginx/1.17.2&quot;,
  &quot;date&quot;: &quot;Mon, 26 Jul 2021 14:17:48 GMT&quot;,
  &quot;content-type&quot;: &quot;text/html;charset=ISO-8859-1&quot;,
  &quot;content-length&quot;: &quot;4274&quot;,
  &quot;connection&quot;: &quot;keep-alive&quot;,
  &quot;cache-control&quot;: &quot;must-revalidate,no-cache,no-store&quot;
}
Body: &lt;html&gt;
&lt;head&gt;
&lt;meta http-equiv=&quot;Content-Type&quot; content=&quot;text/html;charset=utf-8&quot;/&gt;
&lt;title&gt;Error 500 java.lang.IllegalStateException: No value for Set-Cookie&lt;/title&gt;
&lt;/head&gt;
&lt;body&gt;&lt;h2&gt;HTTP ERROR 500 java.lang.IllegalStateException: No value for Set-Cookie&lt;/h2&gt;
&lt;table&gt;
&lt;tr&gt;&lt;th&gt;URI:&lt;/th&gt;&lt;td&gt;/gdc/account/login&lt;/td&gt;&lt;/tr&gt;
&lt;tr&gt;&lt;th&gt;STATUS:&lt;/th&gt;&lt;td&gt;500&lt;/td&gt;&lt;/tr&gt;
&lt;tr&gt;&lt;th&gt;MESSAGE:&lt;/th&gt;&lt;td&gt;java.lang.IllegalStateException: No value for Set-Cookie&lt;/td&gt;&lt;/tr&gt;
&lt;tr&gt;&lt;th&gt;SERVLET:&lt;/th&gt;&lt;td&gt;com.github.tomakehurst.wiremock.servlet.WireMockHandlerDispatchingServlet-4b44655e&lt;/td&gt;&lt;/tr&gt;
&lt;tr&gt;&lt;th&gt;CAUSED BY:&lt;/th&gt;&lt;td&gt;java.lang.IllegalStateException: No value for Set-Cookie&lt;/td&gt;&lt;/tr&gt;
&lt;/table&gt;
&lt;h3&gt;Caused by:&lt;/h3&gt;&lt;pre&gt;java.lang.IllegalStateException: No value for Set-Cookie
	at wiremock.com.google.common.base.Preconditions.checkState(Preconditions.java:510)
	at com.github.tomakehurst.wiremock.http.MultiValue.checkPresent(MultiValue.java:58)
	at com.github.tomakehurst.wiremock.http.MultiValue.values(MultiValue.java:53)
	at org.gooddata.extensions.ResponseHeadersTransformer.transform(ResponseHeadersTransformer.java:26)
	at com.github.tomakehurst.wiremock.http.StubResponseRenderer.applyTransformations(StubResponseRenderer.java:80)
	at com.github.tomakehurst.wiremock.http.StubResponseRenderer.render(StubResponseRenderer.java:57)
	at com.github.tomakehurst.wiremock.http.AbstractRequestHandler.handle(AbstractRequestHandler.java:69)
	at com.github.tomakehurst.wiremock.servlet.WireMockHandlerDispatchingServlet.service(WireMockHandlerDispatchingServlet.java:121)
	at wiremock.javax.servlet.http.HttpServlet.service(HttpServlet.java:790)
	at wiremock.org.eclipse.jetty.servlet.ServletHolder.handle(ServletHolder.java:799)
	at wiremock.org.eclipse.jetty.servlet.ServletHandler$ChainEnd.doFilter(ServletHandler.java:1626)
	at wiremock.org.eclipse.jetty.servlet.ServletHandler.doHandle(ServletHandler.java:548)
	at wiremock.org.eclipse.jetty.server.handler.ScopedHandler.nextHandle(ScopedHandler.java:233)
	at wiremock.o...


https://on.cypress.io/request

Because this error occurred during a `before each` hook we are skipping the remaining tests in the current suite: `Dashboard body rendering`" type="CypressError"><![CDATA[CypressError: `cy.request()` failed on:

http://gooddata-ui-sdk-scenarios:9500/gdc/account/login

The response we received from your web server was:

  > 500: Internal Server Error

This was considered a failure because the status code was not `2xx` or `3xx`.

If you do not want status codes to cause failures pass the option: `failOnStatusCode: false`

-----------------------------------------------------------

The request we sent was:

Method: POST
URL: http://gooddata-ui-sdk-scenarios:9500/gdc/account/login
Headers: {
  "Connection": "keep-alive",
  "user-agent": "Mozilla/5.0 (X11; Linux x86_64) AppleWebKit/537.36 (KHTML, like Gecko) Cypress/6.2.1 Chrome/87.0.4280.88 Electron/11.1.1 Safari/537.36",
  "accept": "*/*",
  "accept-encoding": "gzip, deflate",
  "content-type": "application/json",
  "content-length": 126
}
Body: {"postUserLogin":{"login":"martin.plavek@gooddata.com","password":"P4ssw0rd092","remember":1,"captcha":"","verifyCaptcha":""}}

-----------------------------------------------------------

The response we got was:

Status: 500 - Internal Server Error
Headers: {
  "server": "nginx/1.17.2",
  "date": "Mon, 26 Jul 2021 14:17:48 GMT",
  "content-type": "text/html;charset=ISO-8859-1",
  "content-length": "4274",
  "connection": "keep-alive",
  "cache-control": "must-revalidate,no-cache,no-store"
}
Body: <html>
<head>
<meta http-equiv="Content-Type" content="text/html;charset=utf-8"/>
<title>Error 500 java.lang.IllegalStateException: No value for Set-Cookie</title>
</head>
<body><h2>HTTP ERROR 500 java.lang.IllegalStateException: No value for Set-Cookie</h2>
<table>
<tr><th>URI:</th><td>/gdc/account/login</td></tr>
<tr><th>STATUS:</th><td>500</td></tr>
<tr><th>MESSAGE:</th><td>java.lang.IllegalStateException: No value for Set-Cookie</td></tr>
<tr><th>SERVLET:</th><td>com.github.tomakehurst.wiremock.servlet.WireMockHandlerDispatchingServlet-4b44655e</td></tr>
<tr><th>CAUSED BY:</th><td>java.lang.IllegalStateException: No value for Set-Cookie</td></tr>
</table>
<h3>Caused by:</h3><pre>java.lang.IllegalStateException: No value for Set-Cookie
	at wiremock.com.google.common.base.Preconditions.checkState(Preconditions.java:510)
	at com.github.tomakehurst.wiremock.http.MultiValue.checkPresent(MultiValue.java:58)
	at com.github.tomakehurst.wiremock.http.MultiValue.values(MultiValue.java:53)
	at org.gooddata.extensions.ResponseHeadersTransformer.transform(ResponseHeadersTransformer.java:26)
	at com.github.tomakehurst.wiremock.http.StubResponseRenderer.applyTransformations(StubResponseRenderer.java:80)
	at com.github.tomakehurst.wiremock.http.StubResponseRenderer.render(StubResponseRenderer.java:57)
	at com.github.tomakehurst.wiremock.http.AbstractRequestHandler.handle(AbstractRequestHandler.java:69)
	at com.github.tomakehurst.wiremock.servlet.WireMockHandlerDispatchingServlet.service(WireMockHandlerDispatchingServlet.java:121)
	at wiremock.javax.servlet.http.HttpServlet.service(HttpServlet.java:790)
	at wiremock.org.eclipse.jetty.servlet.ServletHolder.handle(ServletHolder.java:799)
	at wiremock.org.eclipse.jetty.servlet.ServletHandler$ChainEnd.doFilter(ServletHandler.java:1626)
	at wiremock.org.eclipse.jetty.servlet.ServletHandler.doHandle(ServletHandler.java:548)
	at wiremock.org.eclipse.jetty.server.handler.ScopedHandler.nextHandle(ScopedHandler.java:233)
	at wiremock.o...


https://on.cypress.io/request

Because this error occurred during a `before each` hook we are skipping the remaining tests in the current suite: `Dashboard body rendering`
    at http://localhost:46647/__cypress/runner/cypress_runner.js:159043:21
    at tryCatcher (http://localhost:46647/__cypress/runner/cypress_runner.js:10609:23)
    at Promise._settlePromiseFromHandler (http://localhost:46647/__cypress/runner/cypress_runner.js:8544:31)
    at Promise._settlePromise (http://localhost:46647/__cypress/runner/cypress_runner.js:8601:18)
    at Promise._settlePromise0 (http://localhost:46647/__cypress/runner/cypress_runner.js:8646:10)
    at Promise._settlePromises (http://localhost:46647/__cypress/runner/cypress_runner.js:8726:18)
    at _drainQueueStep (http://localhost:46647/__cypress/runner/cypress_runner.js:5316:12)
    at _drainQueue (http://localhost:46647/__cypress/runner/cypress_runner.js:5309:9)
    at Async.../../node_modules/bluebird/js/release/async.js.Async._drainQueues (http://localhost:46647/__cypress/runner/cypress_runner.js:5325:5)
    at Async.drainQueues (http://localhost:46647/__cypress/runner/cypress_runner.js:5195:14)
From Your Spec Code:
    at Context.eval (http://localhost:46647/__cypress/tests?p=cypress/support/index.ts:122:8)]]></failure>
    </testcase>
  </testsuite>
</testsuites>